app/build/outputs/logs/manifest-merger-debug-report.txt
-- Merging decision tree log ---
manifest
ADDED from src\main\AndroidManifest.xml:2:1-91:12
	xmlns:android
		ADDED from src\main\AndroidManifest.xml:2:11-69
	package
		ADDED from src\main\AndroidManifest.xml:3:5-32
		INJECTED from src\main\AndroidManifest.xml
		INJECTED from src\main\AndroidManifest.xml
	android:versionName
		INJECTED from src\main\AndroidManifest.xml
		INJECTED from src\main\AndroidManifest.xml
	android:versionCode
		INJECTED from src\main\AndroidManifest.xml
		INJECTED from src\main\AndroidManifest.xml
uses-permission#android.permission.AUTHENTICATE_ACCOUNTS
ADDED from src\main\AndroidManifest.xml:5:5-80
	android:name
		ADDED from src\main\AndroidManifest.xml:5:22-77
uses-permission#android.permission.INTERNET
ADDED from src\main\AndroidManifest.xml:6:5-67
	android:name
		ADDED from src\main\AndroidManifest.xml:6:22-64
uses-permission#android.permission.ACCESS_NETWORK_STATE
ADDED from src\main\AndroidManifest.xml:7:5-79
	android:name
		ADDED from src\main\AndroidManifest.xml:7:22-76
uses-permission#android.permission.WRITE_SYNC_SETTINGS
ADDED from src\main\AndroidManifest.xml:8:5-78
	android:name
		ADDED from src\main\AndroidManifest.xml:8:22-75
application
ADDED from src\main\AndroidManifest.xml:10:5-89:19
MERGED from [com.android.support:appcompat-v7:23.1.1] AndroidManifest.xml:22:5-20
MERGED from [com.android.support:support-v4:23.1.1] AndroidManifest.xml:22:5-20
MERGED from [com.android.support:design:23.1.1] AndroidManifest.xml:22:5-20
MERGED from [com.android.support:appcompat-v7:23.1.1] AndroidManifest.xml:22:5-20
MERGED from [com.android.support:support-v4:23.1.1] AndroidManifest.xml:22:5-20
MERGED from [com.android.support:support-v4:23.1.1] AndroidManifest.xml:22:5-20
MERGED from [com.android.support:support-v4:23.1.1] AndroidManifest.xml:22:5-20
MERGED from [com.android.support:support-v4:23.1.1] AndroidManifest.xml:22:5-20
	android:supportsRtl
		ADDED from src\main\AndroidManifest.xml:14:9-35
	android:label
		ADDED from src\main\AndroidManifest.xml:13:9-41
	android:allowBackup
		ADDED from src\main\AndroidManifest.xml:11:9-35
	android:icon
		ADDED from src\main\AndroidManifest.xml:12:9-43
	android:theme
		ADDED from src\main\AndroidManifest.xml:15:9-40
meta-data#com.parse.APPLICATION_ID
ADDED from src\main\AndroidManifest.xml:16:9-18:72
	android:name
		ADDED from src\main\AndroidManifest.xml:17:13-52
	android:value
		ADDED from src\main\AndroidManifest.xml:18:13-69
meta-data#com.parse.CLIENT_KEY
ADDED from src\main\AndroidManifest.xml:19:9-21:72
	android:name
		ADDED from src\main\AndroidManifest.xml:20:13-48
	android:value
		ADDED from src\main\AndroidManifest.xml:21:13-69
activity#com.mvw.wordpower.activities.MenuActivity
ADDED from src\main\AndroidManifest.xml:23:9-32:20
	android:label
		ADDED from src\main\AndroidManifest.xml:25:13-45
	android:theme
		ADDED from src\main\AndroidManifest.xml:26:13-56
	android:name
		ADDED from src\main\AndroidManifest.xml:24:13-52
intent-filter#android.intent.action.MAIN+android.intent.category.LAUNCHER
ADDED from src\main\AndroidManifest.xml:27:13-31:29
action#android.intent.action.MAIN
ADDED from src\main\AndroidManifest.xml:28:17-69
	android:name
		ADDED from src\main\AndroidManifest.xml:28:25-66
category#android.intent.category.LAUNCHER
ADDED from src\main\AndroidManifest.xml:30:17-77
	android:name
		ADDED from src\main\AndroidManifest.xml:30:27-74
activity#com.mvw.wordpower.activities.ContentActivity
ADDED from src\main\AndroidManifest.xml:33:9-41:20
	android:label
		ADDED from src\main\AndroidManifest.xml:35:13-59
	android:theme
		ADDED from src\main\AndroidManifest.xml:37:13-56
	android:parentActivityName
		ADDED from src\main\AndroidManifest.xml:36:13-66
	android:name
		ADDED from src\main\AndroidManifest.xml:34:13-55
meta-data#android.support.PARENT_ACTIVITY
ADDED from src\main\AndroidManifest.xml:38:13-40:77
	android:name
		ADDED from src\main\AndroidManifest.xml:39:17-63
	android:value
		ADDED from src\main\AndroidManifest.xml:40:17-74
provider#providers.QuizProvider
ADDED from src\main\AndroidManifest.xml:43:9-48:39
	android:syncable
		ADDED from src\main\AndroidManifest.xml:48:13-36
	android:exported
		ADDED from src\main\AndroidManifest.xml:47:13-37
	android:authorities
		ADDED from src\main\AndroidManifest.xml:45:13-60
	android:enabled
		ADDED from src\main\AndroidManifest.xml:46:13-35
	android:name
		ADDED from src\main\AndroidManifest.xml:44:13-50
service#services.QuizAuthenticatorService
ADDED from src\main\AndroidManifest.xml:50:9-61:19
	android:exported
		ADDED from src\main\AndroidManifest.xml:53:13-37
	android:enabled
		ADDED from src\main\AndroidManifest.xml:52:13-35
	android:name
		ADDED from src\main\AndroidManifest.xml:51:13-61
intent-filter#android.accounts.AccountAuthenticator
ADDED from src\main\AndroidManifest.xml:54:13-56:29
action#android.accounts.AccountAuthenticator
ADDED from src\main\AndroidManifest.xml:55:17-80
	android:name
		ADDED from src\main\AndroidManifest.xml:55:25-77
meta-data#android.accounts.AccountAuthenticator
ADDED from src\main\AndroidManifest.xml:58:13-60:57
	android:resource
		ADDED from src\main\AndroidManifest.xml:60:17-54
	android:name
		ADDED from src\main\AndroidManifest.xml:59:17-69
service#services.QuizService
ADDED from src\main\AndroidManifest.xml:62:9-73:19
	android:exported
		ADDED from src\main\AndroidManifest.xml:65:13-36
	android:enabled
		ADDED from src\main\AndroidManifest.xml:64:13-35
	android:name
		ADDED from src\main\AndroidManifest.xml:63:13-48
intent-filter#android.content.SyncAdapter
ADDED from src\main\AndroidManifest.xml:66:13-68:29
action#android.content.SyncAdapter
ADDED from src\main\AndroidManifest.xml:67:17-70
	android:name
		ADDED from src\main\AndroidManifest.xml:67:25-67
meta-data#android.content.SyncAdapter
ADDED from src\main\AndroidManifest.xml:70:13-72:55
	android:resource
		ADDED from src\main\AndroidManifest.xml:72:17-52
	android:name
		ADDED from src\main\AndroidManifest.xml:71:17-59
service#services.QuizJobService
ADDED from src\main\AndroidManifest.xml:74:9-78:72
	android:exported
		ADDED from src\main\AndroidManifest.xml:77:13-37
	android:enabled
		ADDED from src\main\AndroidManifest.xml:76:13-35
	android:permission
		ADDED from src\main\AndroidManifest.xml:78:13-69
	android:name
		ADDED from src\main\AndroidManifest.xml:75:13-51
activity#com.mvw.wordpower.activities.HighScoreActivity
ADDED from src\main\AndroidManifest.xml:80:9-88:20
	android:label
		ADDED from src\main\AndroidManifest.xml:82:13-62
	android:theme
		ADDED from src\main\AndroidManifest.xml:84:13-56
	android:parentActivityName
		ADDED from src\main\AndroidManifest.xml:83:13-66
	android:name
		ADDED from src\main\AndroidManifest.xml:81:13-57
uses-sdk
INJECTED from src\main\AndroidManifest.xml reason: use-sdk injection requested
MERGED from [com.android.support:appcompat-v7:23.1.1] AndroidManifest.xml:20:5-43
MERGED from [com.android.support:support-v4:23.1.1] AndroidManifest.xml:20:5-43
MERGED from [com.android.support:design:23.1.1] AndroidManifest.xml:20:5-43
MERGED from [com.android.support:appcompat-v7:23.1.1] AndroidManifest.xml:20:5-43
MERGED from [com.android.support:support-v4:23.1.1] AndroidManifest.xml:20:5-43
MERGED from [com.android.support:recyclerview-v7:23.1.1] AndroidManifest.xml:20:5-43
MERGED from [com.android.support:support-v4:23.1.1] AndroidManifest.xml:20:5-43
MERGED from [com.android.support:support-v4:23.1.1] AndroidManifest.xml:20:5-43
MERGED from [com.android.support:support-v4:23.1.1] AndroidManifest.xml:20:5-43
	android:targetSdkVersion
		INJECTED from src\main\AndroidManifest.xml
		INJECTED from src\main\AndroidManifest.xml
	android:minSdkVersion
		INJECTED from src\main\AndroidManifest.xml
		INJECTED from src\main\AndroidManifest.xml